{"/home/sofia/Documents/CommandLineApp/index.js": {"path":"/home/sofia/Documents/CommandLineApp/index.js","statementMap":{"0":{"start":{"line":3,"column":19},"end":{"line":36,"column":1}},"1":{"start":{"line":4,"column":23},"end":{"line":4,"column":41}},"2":{"start":{"line":6,"column":2},"end":{"line":35,"column":3}},"3":{"start":{"line":7,"column":4},"end":{"line":7,"column":75}},"4":{"start":{"line":9,"column":4},"end":{"line":34,"column":7}},"5":{"start":{"line":10,"column":6},"end":{"line":10,"column":25}},"6":{"start":{"line":10,"column":15},"end":{"line":10,"column":25}},"7":{"start":{"line":13,"column":30},"end":{"line":22,"column":9}},"8":{"start":{"line":18,"column":12},"end":{"line":20,"column":14}},"9":{"start":{"line":25,"column":29},"end":{"line":25,"column":60}},"10":{"start":{"line":28,"column":6},"end":{"line":28,"column":49}},"11":{"start":{"line":28,"column":36},"end":{"line":28,"column":47}},"12":{"start":{"line":31,"column":36},"end":{"line":31,"column":70}},"13":{"start":{"line":33,"column":6},"end":{"line":33,"column":41}}},"fnMap":{"0":{"name":"(anonymous_0)","decl":{"start":{"line":3,"column":19},"end":{"line":3,"column":20}},"loc":{"start":{"line":3,"column":33},"end":{"line":36,"column":1}},"line":3},"1":{"name":"(anonymous_1)","decl":{"start":{"line":9,"column":31},"end":{"line":9,"column":32}},"loc":{"start":{"line":9,"column":46},"end":{"line":34,"column":5}},"line":9},"2":{"name":"(anonymous_2)","decl":{"start":{"line":17,"column":10},"end":{"line":17,"column":11}},"loc":{"start":{"line":18,"column":12},"end":{"line":20,"column":14}},"line":18},"3":{"name":"(anonymous_3)","decl":{"start":{"line":28,"column":26},"end":{"line":28,"column":27}},"loc":{"start":{"line":28,"column":36},"end":{"line":28,"column":47}},"line":28}},"branchMap":{"0":{"loc":{"start":{"line":6,"column":2},"end":{"line":35,"column":3}},"type":"if","locations":[{"start":{"line":6,"column":2},"end":{"line":35,"column":3}},{"start":{"line":8,"column":9},"end":{"line":35,"column":3}}],"line":6},"1":{"loc":{"start":{"line":10,"column":6},"end":{"line":10,"column":25}},"type":"if","locations":[{"start":{"line":10,"column":6},"end":{"line":10,"column":25}},{"start":{},"end":{}}],"line":10},"2":{"loc":{"start":{"line":19,"column":22},"end":{"line":19,"column":51}},"type":"cond-expr","locations":[{"start":{"line":19,"column":34},"end":{"line":19,"column":47}},{"start":{"line":19,"column":50},"end":{"line":19,"column":51}}],"line":19}},"s":{"0":1,"1":3,"2":3,"3":1,"4":2,"5":1,"6":0,"7":1,"8":12,"9":1,"10":1,"11":21,"12":1,"13":1},"f":{"0":3,"1":1,"2":12,"3":21},"b":{"0":[1,2],"1":[0,1],"2":[1,11]},"_coverageSchema":"1a1c01bbd47fc00a2c39e90264f33305004495a9","hash":"b2e19b8197b8596a9055aaa4532c665207815b6b"}
}
